"../../../Engine/Content/Functions/Engine_MaterialFunctions01/Opacity/CameraDepthFade.uasset" 0
"../../../Engine/Content/EngineMaterials/T_Default_Material_Grid_M.uasset" 1
"../../../Engine/Content/EngineMaterials/T_Default_Material_Grid_N.uasset" 2
"../../../Engine/Content/EngineMaterials/DefaultMaterial.uasset" 3
"../../../Engine/Content/BasicShapes/Cone.uasset" 4
"../../../Engine/Content/BasicShapes/Cylinder.uasset" 5
"../../../Engine/Content/EditorLandscapeResources/DataLayer.uasset" 6
"../../../Engine/Content/EditorMaterials/GizmoMaterial.uasset" 7
"../../../Engine/Content/EditorMaterials/MAT_Groups_Toggle.uasset" 8
"../../../Engine/Content/EditorMaterials/MAT_Groups_Visibility.uasset" 9
"../../../Engine/Content/EditorMaterials/PreviewShadowIndicator.uasset" 10
"../../../Engine/Content/EditorMaterials/PreviewShadowIndicatorMaterial.uasset" 11
"../../../Engine/Content/EditorMaterials/AssetViewer/EpicQuadPanorama_CC+EV1.uasset" 12
"../../../Engine/Content/EditorMaterials/MatineeGroups/MAT_ColorTrack.uasset" 13
"../../../Engine/Content/EditorMaterials/MatineeGroups/MAT_Groups_Anim.uasset" 14
"../../../Engine/Content/EditorMaterials/MatineeGroups/MAT_Groups_AudioMaster.uasset" 15
"../../../Engine/Content/EditorMaterials/MatineeGroups/MAT_Groups_Director.uasset" 16
"../../../Engine/Content/EditorMaterials/MatineeGroups/MAT_Groups_Event.uasset" 17
"../../../Engine/Content/EditorMaterials/MatineeGroups/MAT_Groups_Fade.uasset" 18
"../../../Engine/Content/EditorMaterials/MatineeGroups/MAT_Groups_Float.uasset" 19
"../../../Engine/Content/EditorMaterials/MatineeGroups/MAT_Groups_Move.uasset" 20
"../../../Engine/Content/EditorMaterials/MatineeGroups/MAT_Groups_Slomo.uasset" 21
"../../../Engine/Content/EditorMaterials/MatineeGroups/MAT_Groups_Sound.uasset" 22
"../../../Engine/Content/EditorMaterials/MatineeGroups/MAT_Groups_Vector.uasset" 23
"../../../Engine/Content/EditorMaterials/ParticleSystems/PSysThumbnail_NoImage.uasset" 24
"../../../Engine/Content/EditorMaterials/ParticleSystems/PSysThumbnail_OOD.uasset" 25
"../../../Engine/Content/EditorMaterials/Camera/CineMat.uasset" 26
"../../../Engine/Content/EditorMaterials/Camera/MI_CineMat_Rig.uasset" 27
"../../../Engine/Content/EditorMeshes/Camera/SM_CraneRig_Arm.uasset" 28
"../../../Engine/Content/EditorMeshes/Camera/SM_CraneRig_Base.uasset" 29
"../../../Engine/Content/EditorMeshes/Camera/SM_CraneRig_Body.uasset" 30
"../../../Engine/Content/EditorMeshes/Camera/SM_CraneRig_Mount.uasset" 31
"../../../Engine/Content/EditorMeshes/Camera/SM_RailRig_Mount.uasset" 32
"../../../Engine/Content/EditorMeshes/Camera/SM_RailRig_Track.uasset" 33
"../../../Engine/Content/EditorResources/BSPVertex.uasset" 34
"../../../Engine/Content/EditorResources/EmptyActor.uasset" 35
"../../../Engine/Content/EditorResources/RGBTable16x1_AssetViewer.uasset" 36
"../../../Engine/Content/EditorResources/S_Actor.uasset" 37
"../../../Engine/Content/EditorResources/S_Trigger.uasset" 38
"../../../Engine/Content/EditorResources/AudioIcons/S_AudioComponent.uasset" 39
"../../../Engine/Content/EditorResources/AudioIcons/S_AudioComponent_AutoActivate.uasset" 40
"../../../Engine/Content/EditorResources/LightIcons/S_LightError.uasset" 41
"../../../Engine/Content/EditorResources/SequenceRecorder/Countdown.uasset" 42
"../../../Engine/Content/EditorResources/SequenceRecorder/RecordingIndicator.uasset" 43
"../../../Engine/Content/EditorSounds/Notifications/CompileFailed.uasset" 44
"../../../Engine/Content/EditorSounds/Notifications/CompileFailed_Cue.uasset" 45
"../../../Engine/Content/EditorSounds/Notifications/CompileSuccess.uasset" 46
"../../../Engine/Content/EditorSounds/Notifications/CompileStart_Cue.uasset" 47
"../../../Engine/Content/EditorSounds/Notifications/CompileSuccess_Cue.uasset" 48
"../../../Engine/Content/EngineDamageTypes/DmgTypeBP_Environmental.uasset" 49
"../../../Engine/Content/EngineDebugMaterials/HeatmapGradient.uasset" 50
"../../../Engine/Content/EngineDebugMaterials/BoneWeightMaterial.uasset" 51
"../../../Engine/Content/EngineDebugMaterials/DebugMeshMaterial.uasset" 52
"../../../Engine/Content/EngineDebugMaterials/GeomMaterial.uasset" 53
"../../../Engine/Content/EngineFonts/Roboto.uasset" 54
"../../../Engine/Content/EngineFonts/RobotoTiny.uasset" 55
"../../../Engine/Content/EngineMaterials/DefaultBokeh.uasset" 56
"../../../Engine/Content/EngineMaterials/DefaultDiffuse.uasset" 57
"../../../Engine/Content/EngineMaterials/DefaultDeferredDecalMaterial.uasset" 58
"../../../Engine/Content/EngineMaterials/DefaultLightFunctionMaterial.uasset" 59
"../../../Engine/Content/EngineMaterials/DefaultPhysicalMaterial.uasset" 60
"../../../Engine/Content/Functions/Engine_MaterialFunctions02/Utility/BreakOutFloat2Components.uasset" 61
"../../../Engine/Content/EngineMaterials/DefaultPostProcessMaterial.uasset" 62
"../../../Engine/Content/EngineFonts/RobotoDistanceField.uasset" 63
"../../../Engine/Content/EngineMaterials/DefaultTextMaterialOpaque.uasset" 64
"../../../Engine/Content/EngineMaterials/DefaultWhiteGrid.uasset" 65
"../../../Engine/Content/EngineMaterials/EditorBrushMaterial.uasset" 66
"../../../Engine/Content/EngineMaterials/Good64x64TilingNoiseHighFreq.uasset" 67
"../../../Engine/Content/EngineMaterials/MiniFont.uasset" 68
"../../../Engine/Content/EngineMaterials/InvalidLightmapSettings.uasset" 69
"../../../Engine/Content/EngineMaterials/M_InvalidLightmapSettings.uasset" 70
"../../../Engine/Content/EngineMaterials/PhAT_JointLimitMaterial.uasset" 71
"../../../Engine/Content/EngineMaterials/PreintegratedSkinBRDF.uasset" 72
"../../../Engine/Content/EngineMaterials/RemoveSurfaceMaterial.uasset" 73
"../../../Engine/Content/EngineMaterials/WeightMapPlaceholderTexture.uasset" 74
"../../../Engine/Content/EngineResources/WhiteSquareTexture.uasset" 75
"../../../Engine/Content/EngineMaterials/Widget3DPassThrough.uasset" 76
"../../../Engine/Content/EngineMaterials/Widget3DPassThrough_Masked.uasset" 77
"../../../Engine/Content/EngineMaterials/Widget3DPassThrough_Opaque.uasset" 78
"../../../Engine/Content/EngineMaterials/Widget3DPassThrough_Masked_OneSided.uasset" 79
"../../../Engine/Content/EngineMaterials/Widget3DPassThrough_Opaque_OneSided.uasset" 80
"../../../Engine/Content/EngineMaterials/Widget3DPassThrough_Translucent.uasset" 81
"../../../Engine/Content/EngineMaterials/Widget3DPassThrough_Translucent_OneSided.uasset" 82
"../../../Engine/Content/EngineMeshes/Cube.uasset" 83
"../../../Engine/Content/EngineMeshes/Cylinder.uasset" 84
"../../../Engine/Content/EngineMeshes/Sphere.uasset" 85
"../../../Engine/Content/EngineResources/AICON-Green.uasset" 86
"../../../Engine/Content/EngineResources/AICON-Red.uasset" 87
"../../../Engine/Content/EngineResources/Black.uasset" 88
"../../../Engine/Content/EngineResources/DefaultTexture.uasset" 89
"../../../Engine/Content/EngineResources/DefaultTextureCube.uasset" 90
"../../../Engine/Content/EngineResources/GradientTexture0.uasset" 91
"../../../Engine/Content/EngineSounds/Master.uasset" 92
"../../../Engine/Content/EngineSounds/MasterSubmix.uasset" 93
"../../../Engine/Content/EngineTireTypes/DefaultTireType.uasset" 94
"../../../Engine/Content/Functions/Engine_MaterialFunctions01/Shading/ConvertFromDiffSpec.uasset" 95
"../../../Engine/Content/Functions/Engine_MaterialFunctions01/Shading/PowerToRoughness.uasset" 96
"../../../Engine/Content/Maps/Templates/Thumbnails/Default.uasset" 97
"../../../Engine/Content/Maps/Templates/Thumbnails/VR-Basic.uasset" 98
"../../../Engine/Content/MobileResources/T_MobileControls_texture.uasset" 99
"../../../Engine/Content/MobileResources/T_MobileMenu2.uasset" 100
"../../../Engine/Content/MobileResources/HUD/AnalogHat.uasset" 101
"../../../Engine/Content/MobileResources/HUD/VirtualJoystick_Background.uasset" 102
"../../../Engine/Content/MobileResources/HUD/VirtualJoystick_Thumb.uasset" 103
"../../../Engine/Content/MobileResources/HUD/DefaultVirtualJoysticks.uasset" 104
"../../../Engine/Content/MobileResources/HUD/LeftVirtualJoystickOnly.uasset" 105
"../../../Engine/Content/MobileResources/HUD/MobileHUDButton1_off.uasset" 106
"../../../Engine/Content/MobileResources/HUD/MobileHUDButton1_on.uasset" 107
"../../../Engine/Content/MobileResources/HUD/MobileHUDButton2_off.uasset" 108
"../../../Engine/Content/MobileResources/HUD/MobileHUDButton2_on.uasset" 109
"../../../Engine/Content/MobileResources/HUD/MobileHUDButton3.uasset" 110
"../../../Engine/Content/MobileResources/HUD/MobileHUDButtonFire.uasset" 111
"../../../Engine/Content/MobileResources/HUD/MobileHUDDirectionPad.uasset" 112
"../../../Engine/Content/MobileResources/HUD/MobileHUDDirectionPad2.uasset" 113
"../../../Engine/Content/MobileResources/HUD/MobileHUDDirectionPad3.uasset" 114
"../../../Engine/Content/MobileResources/HUD/MobileHUDDirectionStick.uasset" 115
"../../../Engine/Content/MobileResources/HUD/T_Castle_ThumbstickInner.uasset" 116
"../../../Engine/Content/MobileResources/HUD/T_Castle_ThumbstickOutter.uasset" 117
"../../../Engine/Content/Tutorial/ContentIntroCurve.uasset" 118
"../../../Engine/Content/Tutorial/Basics/TutorialAssets/icon_tab_Levels_40x.uasset" 119
"../../../Engine/Content/Tutorial/BlueprintTutorials/TutorialAssets/BlueprintInterface_64x.uasset" 120
"../../../Engine/Content/Tutorial/BlueprintTutorials/TutorialAssets/BlueprintMacroLibrary_64x.uasset" 121
"../../../Engine/Content/Tutorial/BlueprintTutorials/TutorialAssets/Blueprint_64x.uasset" 122
"../../../Engine/Content/Tutorial/BlueprintTutorials/TutorialAssets/Tutorial_BP_Interface.uasset" 123
"../../../Engine/Content/Tutorial/Foliage/TutorialAssets/Foliage.uasset" 124
"../../../Engine/Content/Tutorial/Landscape/TutorialAssets/Landscape.uasset" 125
"../../../Engine/Content/Tutorial/Paper2D/TutorialAssets/Paper2DFlipbook_TutorialIcon.uasset" 126
"../../../Engine/Content/Tutorial/Paper2D/TutorialAssets/Paper2DSprite_TutorialIcon.uasset" 127
"../../../Engine/Content/Tutorial/SubEditors/TutorialAssets/icon_Editor_Preferences_General_40x.uasset" 128
"../../../Engine/Content/Tutorial/SubEditors/TutorialAssets/icon_ShowSkeletalMeshes_40x.uasset" 129
"../../../Engine/Content/Tutorial/SubEditors/TutorialAssets/TutorialMaterial.uasset" 130
"../../../Engine/Content/Tutorial/SubEditors/TutorialAssets/T_SmokeSubUV_8X8.uasset" 131
"../../../Engine/Content/Tutorial/SubEditors/TutorialAssets/T_soft_smoke.uasset" 132
"../../../Engine/Content/Tutorial/SubEditors/TutorialAssets/M_smoke_subUV_blackbody.uasset" 133
"../../../Engine/Content/Tutorial/SubEditors/TutorialAssets/TutorialParticleSystem.uasset" 134
"../../../Engine/Content/EngineMaterials/WorldGridMaterial.uasset" 135
"../../../Engine/Content/EditorMeshes/EditorCube.uasset" 136
"../../../Engine/Content/Tutorial/SubEditors/TutorialAssets/Tutorial_DM.uasset" 137
"../../../Engine/Content/VREditor/Devices/Generic/GenericHMDMaterial.uasset" 138
"../../../Engine/Content/VREditor/Devices/Generic/GenericHMD.uasset" 139
"../../../Engine/Content/VREditor/FloatingText/LineMaterial.uasset" 140
"../../../Engine/Content/VREditor/FloatingText/JointSphere.uasset" 141
"../../../Engine/Content/VREditor/FloatingText/LineSegmentCylinder.uasset" 142
"../../../Engine/Content/VREditor/Fonts/VRText_RobotoLarge.uasset" 143
"../../../Engine/Content/VREditor/Fonts/VRTextMaterial.uasset" 144
"../../../Engine/Content/VREditor/Fonts/TranslucentVRTextMaterial.uasset" 145
"../../../Engine/Content/VREditor/LaserPointer/VR_LaserPower_01.uasset" 146
"../../../Engine/Content/VREditor/LaserPointer/LaserPointerMaterial.uasset" 147
"../../../Engine/Content/VREditor/LaserPointer/LaserPointerMaterialInst.uasset" 148
"../../../Engine/Content/VREditor/LaserPointer/TranslucentLaserPointerMaterialInst.uasset" 149
"../../../Engine/Content/VREditor/LaserPointer/LaserPointerMesh.uasset" 150
"../../../Engine/Content/VREditor/Sounds/VR_grab_Cue.uasset" 151
"../../../Engine/Content/VREditor/Sounds/VR_teleport_Cue.uasset" 152
"../../../Engine/Content/VREditor/TransformGizmo/TransformGizmoMaterial.uasset" 153
"../../../Engine/Content/VREditor/TransformGizmo/TranslucentTransformGizmoMaterial.uasset" 154
"../../../Engine/Content/VREditor/TransformGizmo/BoundingBoxCorner.uasset" 155
"../../../Engine/Content/VREditor/TransformGizmo/BoundingBoxEdge.uasset" 156
"../../../Engine/Content/VREditor/TransformGizmo/PlaneTranslationHandle.uasset" 157
"../../../Engine/Content/VREditor/TransformGizmo/RotationHandle.uasset" 158
"../../../Engine/Content/VREditor/TransformGizmo/RotationHandleFull.uasset" 159
"../../../Engine/Content/VREditor/TransformGizmo/StretchingHandle.uasset" 160
"../../../Engine/Content/VREditor/TransformGizmo/TranslateHandleLong.uasset" 161
"../../../Engine/Content/VREditor/TransformGizmo/TranslationHandle.uasset" 162
"../../../Engine/Content/VREditor/TransformGizmo/UniformScaleHandle.uasset" 163
"../../../Engine/Content/VREditor/UI/CloseButtonMesh.uasset" 164
"../../../Engine/Content/VREditor/UI/SelectionBarMesh.uasset" 165
"../../../Engine/Content/Functions/Engine_MaterialFunctions01/Gradient/RadialGradient.uasset" 166
"../../../Engine/Content/VREditor/WorldMovementGrid/SimpleGrid.uasset" 167
"../../../Engine/Content/VREditor/WorldMovementGrid/GridMaterial.uasset" 168
"../../../Engine/Content/Functions/Engine_MaterialFunctions01/Density/ExponentialDensity.uasset" 169
"../../../Engine/Content/VREditor/WorldMovementGrid/GridPostProcess.uasset" 170
"../../../Engine/Content/EditorLandscapeResources/FlattenHeightMat.uasset" 171
"../../../Engine/Content/VREditor/WorldMovementGrid/PlaneMesh.uasset" 172
"../../../MyProject/Content/FirstPerson/FPWeapon/Materials/MaterialLayers/ML_Plastic_Shiny_Beige_LOGO.uasset" 173
"../../../MyProject/Content/FirstPerson/FPWeapon/Materials/MaterialLayers/T_ML_FineRubber.uasset" 174
"../../../MyProject/Content/FirstPerson/FPWeapon/Mesh/SK_FPGun_PhysicsAsset.uasset" 175
"../../../MyProject/Content/Geometry/Meshes/CubeMaterial.uasset" 176
"../../../MyProject/Content/Geometry/Meshes/1M_Cube_Chamfer.uasset" 177
"../../../MyProject/Content/Geometry/Meshes/TemplateFloor.uasset" 178
"../../../MyProject/Content/StarterContent/Materials/M_Basic_Wall.uasset" 179
"../../../MyProject/Content/StarterContent/Architecture/Pillar_50x500.uasset" 180
"../../../MyProject/Content/StarterContent/Architecture/Wall_400x300.uasset" 181
"../../../MyProject/Content/StarterContent/Architecture/Wall_400x400.uasset" 182
"../../../MyProject/Content/StarterContent/Architecture/Wall_500x500.uasset" 183
"../../../MyProject/Content/StarterContent/Architecture/Wall_Door_400x400.uasset" 184
"../../../MyProject/Content/StarterContent/Architecture/Wall_Window_400x400.uasset" 185
"../../../MyProject/Content/StarterContent/Audio/Light01_Cue.uasset" 186
"../../../MyProject/Content/StarterContent/Audio/Light02_Cue.uasset" 187
"../../../MyProject/Content/StarterContent/Audio/Explosion_Cue.uasset" 188
"../../../MyProject/Content/StarterContent/Textures/T_Burst_M.uasset" 189
"../../../MyProject/Content/StarterContent/Particles/Materials/M_Burst.uasset" 190
"../../../MyProject/Content/StarterContent/Textures/T_Explosion_SubUV.uasset" 191
"../../../MyProject/Content/StarterContent/Particles/Materials/M_explosion_subUV.uasset" 192
"../../../MyProject/Content/StarterContent/Particles/Materials/m_flare_01.uasset" 193
"../../../MyProject/Content/StarterContent/Particles/Materials/M_radial_ramp.uasset" 194
"../../../MyProject/Content/StarterContent/Textures/T_Smoke_SubUV.uasset" 195
"../../../MyProject/Content/StarterContent/Textures/T_Smoke_Tiled_D.uasset" 196
"../../../MyProject/Content/StarterContent/Particles/Materials/M_smoke_subUV.uasset" 197
"../../../MyProject/Content/StarterContent/Particles/P_Explosion.uasset" 198
"../../../MyProject/Content/StarterContent/Blueprints/Blueprint_Effect_Explosion.uasset" 199
"../../../Engine/Content/EditorMeshes/ColorCalibrator/T_ColorGrid.uasset" 200
"../../../MyProject/Content/StarterContent/Materials/M_ColorGrid_LowSpec.uasset" 201
"../../../MyProject/Content/StarterContent/Textures/T_Bush_D.uasset" 202
"../../../MyProject/Content/StarterContent/Textures/T_Bush_N.uasset" 203
"../../../MyProject/Content/StarterContent/Props/Materials/M_Bush.uasset" 204
"../../../MyProject/Content/StarterContent/Props/SM_Bush.uasset" 205
"../../../MyProject/Content/StarterContent/Textures/T_Chair_M.uasset" 206
"../../../MyProject/Content/StarterContent/Textures/T_Chair_N.uasset" 207
"../../../MyProject/Content/StarterContent/Props/Materials/M_Chair.uasset" 208
"../../../MyProject/Content/StarterContent/Props/SM_Couch.uasset" 209
"../../../MyProject/Content/StarterContent/Materials/M_Glass.uasset" 210
"../../../MyProject/Content/StarterContent/Textures/T_Door_M.uasset" 211
"../../../MyProject/Content/StarterContent/Textures/T_Door_N.uasset" 212
"../../../MyProject/Content/StarterContent/Props/Materials/M_Door.uasset" 213
"../../../MyProject/Content/StarterContent/Props/SM_Door.uasset" 214
"../../../MyProject/Content/StarterContent/Props/Materials/M_MaterialSphere.uasset" 215
"../../../MyProject/Content/StarterContent/Props/Materials/M_MaterialSphere_Plain.uasset" 216
"../../../MyProject/Content/StarterContent/Props/SM_MatPreviewMesh_02.uasset" 217
"../../../Engine/Content/Functions/Engine_MaterialFunctions02/Utility/BlendAngleCorrectedNormals.uasset" 218
"../../../MyProject/Content/StarterContent/Textures/T_Detail_Rocky_N.uasset" 219
"../../../MyProject/Content/StarterContent/Textures/T_Rock_Basalt_D.uasset" 220
"../../../MyProject/Content/StarterContent/Textures/T_RockMesh_M.uasset" 221
"../../../MyProject/Content/StarterContent/Textures/T_RockMesh_N.uasset" 222
"../../../MyProject/Content/StarterContent/Props/Materials/M_Rock.uasset" 223
"../../../MyProject/Content/StarterContent/Props/SM_Rock.uasset" 224
"../../../MyProject/Content/StarterContent/Textures/T_Shelf_M.uasset" 225
"../../../MyProject/Content/StarterContent/Textures/T_Shelf_N.uasset" 226
"../../../MyProject/Content/StarterContent/Props/Materials/M_Shelf.uasset" 227
"../../../MyProject/Content/StarterContent/Props/SM_Shelf.uasset" 228
"../../../MyProject/Content/StarterContent/Materials/M_Basic_Floor.uasset" 229
"../../../MyProject/Content/StarterContent/Props/SM_Stairs.uasset" 230
"../../../MyProject/Content/StarterContent/Shapes/Shape_Cone.uasset" 231
"../../../MyProject/Content/StarterContent/Shapes/Shape_Cylinder.uasset" 232
"../../../MyProject/Content/StarterContent/Shapes/Shape_NarrowCapsule.uasset" 233
"../../../MyProject/Content/StarterContent/Shapes/Shape_Pipe.uasset" 234
"../../../MyProject/Content/StarterContent/Shapes/Shape_Pipe_180.uasset" 235
"../../../MyProject/Content/StarterContent/Shapes/Shape_Pipe_90.uasset" 236
"../../../MyProject/Content/StarterContent/Shapes/Shape_Plane.uasset" 237
"../../../MyProject/Content/StarterContent/Shapes/Shape_Torus.uasset" 238
"../../../MyProject/Content/StarterContent/Shapes/Shape_Trim.uasset" 239
"../../../MyProject/Content/StarterContent/Shapes/Shape_Trim_90_In.uasset" 240
"../../../MyProject/Content/StarterContent/Shapes/Shape_Trim_90_Out.uasset" 241
"../../../MyProject/Content/StarterContent/Shapes/Shape_TriPyramid.uasset" 242
"../../../MyProject/Content/StarterContent/Shapes/Shape_Tube.uasset" 243
"../../../MyProject/Content/StarterContent/Shapes/Shape_Wedge_A.uasset" 244
"../../../MyProject/Content/StarterContent/Shapes/Shape_Wedge_B.uasset" 245
"../../../MyProject/Content/StarterContent/Shapes/Shape_WideCapsule.uasset" 246
"../../../Engine/Plugins/2D/Paper2D/Content/DummySprite.uasset" 247
"../../../Engine/Plugins/2D/Paper2D/Content/DefaultPaperTerrainMaterial.uasset" 248
"../../../Engine/Plugins/2D/Paper2D/Content/DefaultSpriteMaterial.uasset" 249
"../../../Engine/Plugins/2D/Paper2D/Content/MaskedUnlitSpriteMaterial.uasset" 250
"../../../Engine/Plugins/2D/Paper2D/Content/OpaqueUnlitSpriteMaterial.uasset" 251
"../../../Engine/Plugins/2D/Paper2D/Content/PlaceholderTextures/DummySpriteTexture.uasset" 252
"../../../Engine/Content/EditorBlueprintResources/StandardMacros.uasset" 253
"../../../MyProject/Content/FirstPersonBP/Blueprints/Explosion_Blueprint.uasset" 254
"../../../MyProject/Content/FirstPerson/Character/Mesh/SK_Mannequin_Arms_Skeleton.uasset" 255
"../../../MyProject/Content/FirstPerson/Animations/FirstPerson_Idle.uasset" 256
"../../../MyProject/Content/FirstPerson/Animations/FirstPerson_JumpEnd.uasset" 257
"../../../MyProject/Content/FirstPerson/Animations/FirstPerson_JumpLoop.uasset" 258
"../../../MyProject/Content/FirstPerson/Animations/FirstPerson_JumpStart.uasset" 259
"../../../MyProject/Content/FirstPerson/Animations/FirstPerson_Run.uasset" 260
"../../../MyProject/Content/FirstPerson/Animations/FirstPerson_AnimBP.uasset" 261
"../../../MyProject/Content/FirstPerson/Animations/FirstPerson_Fire.uasset" 262
"../../../MyProject/Content/FirstPerson/Animations/FirstPersonFire_Montage.uasset" 263
"../../../MyProject/Content/FirstPerson/Meshes/BaseMaterial.uasset" 264
"../../../MyProject/Content/FirstPerson/Meshes/FirstPersonProjectileMaterial.uasset" 265
"../../../MyProject/Content/FirstPerson/Meshes/FirstPersonProjectileMesh.uasset" 266
"../../../MyProject/Content/FirstPersonBP/Blueprints/FirstPersonProjectile.uasset" 267
"../../../MyProject/Content/FirstPersonBP/Blueprints/GrenadeProjectile.uasset" 268
"../../../MyProject/Content/FirstPersonBP/Blueprints/GunVariables.uasset" 269
"../../../MyProject/Content/StarterContent/Textures/T_MacroVariation.uasset" 270
"../../../MyProject/Content/StarterContent/Textures/T_Wood_Walnut_D.uasset" 271
"../../../MyProject/Content/StarterContent/Textures/T_Wood_Walnut_N.uasset" 272
"../../../MyProject/Content/StarterContent/Materials/M_Wood_Walnut.uasset" 273
"../../../MyProject/Content/FirstPerson/Meshes/CubeMaterialOverride.uasset" 274
"../../../Engine/Content/MapTemplates/Sky/DaylightAmbientCubemap.uasset" 275
"../../../MyProject/Content/StarterContent/Blueprints/Assets/M_LightStage_Skybox_Master.uasset" 276
"../../../MyProject/Content/StarterContent/Blueprints/Assets/M_LightStage_Skybox_HDRI.uasset" 277
"../../../MyProject/Content/FirstPerson/Audio/FirstPersonTemplateWeaponFire02.uasset" 278
"../../../Engine/Content/Functions/MaterialLayerFunctions/MatLayerBlend_NormalBlend.uasset" 279
"../../../Engine/Content/Functions/MaterialLayerFunctions/MatLayerBlend_Simple.uasset" 280
"../../../MyProject/Content/FirstPerson/Character/Materials/MaterialLayers/T_ML_Rubber_Blue_01_D.uasset" 281
"../../../MyProject/Content/FirstPerson/Character/Materials/MaterialLayers/T_ML_Rubber_Blue_01_N.uasset" 282
"../../../MyProject/Content/FirstPerson/Character/Materials/MaterialLayers/ML_GlossyBlack_Latex_UE4.uasset" 283
"../../../MyProject/Content/FirstPerson/Character/Materials/MaterialLayers/ML_Plastic_Shiny_Beige.uasset" 284
"../../../MyProject/Content/FirstPerson/Character/Textures/UE4_LOGO_CARD.uasset" 285
"../../../MyProject/Content/FirstPerson/Character/Materials/MaterialLayers/ML_Plastic_Shiny_Beige_LOGO.uasset" 286
"../../../MyProject/Content/FirstPerson/Character/Materials/MaterialLayers/T_ML_Aluminum01.uasset" 287
"../../../MyProject/Content/FirstPerson/Character/Materials/MaterialLayers/T_ML_Aluminum01_N.uasset" 288
"../../../MyProject/Content/FirstPerson/Character/Materials/MaterialLayers/ML_SoftMetal_UE4.uasset" 289
"../../../MyProject/Content/FirstPerson/Character/Textures/UE4_Mannequin__normals.uasset" 290
"../../../MyProject/Content/FirstPerson/Character/Textures/UE4_Mannequin_MAT_MASKA.uasset" 291
"../../../MyProject/Content/FirstPerson/Character/Materials/M_UE4Man_Body.uasset" 292
"../../../MyProject/Content/FirstPerson/Character/Mesh/SK_Mannequin_Arms_PhysicsAsset.uasset" 293
"../../../MyProject/Content/FirstPerson/Character/Mesh/SK_Mannequin_Arms.uasset" 294
"../../../MyProject/Content/FirstPerson/FPWeapon/Materials/MaterialLayers/T_ML_Rubber_Blue_01_D.uasset" 295
"../../../MyProject/Content/FirstPerson/FPWeapon/Materials/MaterialLayers/T_ML_Rubber_Blue_01_N.uasset" 296
"../../../MyProject/Content/FirstPerson/FPWeapon/Materials/MaterialLayers/ML_GlossyBlack_Latex_UE4.uasset" 297
"../../../MyProject/Content/FirstPerson/FPWeapon/Materials/MaterialLayers/ML_Plastic_Shiny_Beige.uasset" 298
"../../../MyProject/Content/FirstPerson/FPWeapon/Materials/MaterialLayers/ML_Screen.uasset" 299
"../../../MyProject/Content/FirstPerson/FPWeapon/Materials/MaterialLayers/T_ML_Aluminum01.uasset" 300
"../../../MyProject/Content/FirstPerson/FPWeapon/Materials/MaterialLayers/T_ML_Aluminum01_N.uasset" 301
"../../../MyProject/Content/FirstPerson/FPWeapon/Materials/MaterialLayers/ML_SoftMetal_UE4.uasset" 302
"../../../MyProject/Content/FirstPerson/FPWeapon/Textures/T_FPGun_M.uasset" 303
"../../../MyProject/Content/FirstPerson/FPWeapon/Textures/T_FPGun_N.uasset" 304
"../../../MyProject/Content/FirstPerson/FPWeapon/Materials/M_FPGun.uasset" 305
"../../../MyProject/Content/FirstPerson/FPWeapon/Mesh/SK_FPGun_Skeleton.uasset" 306
"../../../MyProject/Content/FirstPerson/FPWeapon/Mesh/SK_FPGun.uasset" 307
"../../../MyProject/Content/FirstPersonBP/Blueprints/DeathScreen.uasset" 308
"../../../MyProject/Content/FirstPersonBP/Blueprints/KillCounter.uasset" 309
"../../../MyProject/Content/FirstPersonBP/Blueprints/FirstPersonCharacter.uasset" 310
"../../../Engine/Content/BasicShapes/BasicShapeMaterial.uasset" 311
"../../../Engine/Content/BasicShapes/Cube.uasset" 312
"../../../Engine/Content/BasicShapes/Sphere.uasset" 313
"../../../MyProject/Content/FirstPersonBP/Blueprints/AICharacter_Blueprint.uasset" 314
"../../../Engine/Content/EngineSky/C_Sky_Cloud_Color.uasset" 315
"../../../Engine/Content/EngineSky/C_Sky_Horizon_Color.uasset" 316
"../../../Engine/Content/EngineSky/C_Sky_Zenith_Color.uasset" 317
"../../../Engine/Content/EngineSky/T_Sky_Blue.uasset" 318
"../../../Engine/Content/EngineSky/T_Sky_Clouds_M.uasset" 319
"../../../Engine/Content/EngineSky/T_Sky_Stars.uasset" 320
"../../../Engine/Content/EngineSky/M_Sky_Panning_Clouds2.uasset" 321
"../../../Engine/Content/EngineSky/SM_SkySphere.uasset" 322
"../../../Engine/Content/EngineSky/BP_Sky_Sphere.uasset" 323
"../../../MyProject/Content/FirstPerson/Textures/FirstPersonCrosshair.uasset" 324
"../../../MyProject/Content/FirstPersonBP/Blueprints/FirstPersonHUD.uasset" 325
"../../../MyProject/Content/FirstPersonBP/Blueprints/FirstPersonGameMode.uasset" 326
"../../../Engine/Content/Functions/Engine_MaterialFunctions03/Procedurals/ComputeFilterWidth.uasset" 327
"../../../Engine/Content/EngineMaterials/AntiAliasedTextMaterialTranslucent.uasset" 328
"../../../MyProject/Content/Geometry/Meshes/1M_Cube.uasset" 329
"../../../MyProject/Content/WorksheetCFPSGame.umap" 330
"../../../MyProject/Content/FirstPersonBP/Maps/FirstPersonExampleMap.umap" 331
"../../../MyProject/Content/StarterContent/Blueprints/Assets/FogBrightnessLUT.uasset" 332
"../../../MyProject/Content/StarterContent/Blueprints/Assets/SunlightColorLUT.uasset" 333
"../../../MyProject/Content/StarterContent/Blueprints/Assets/M_LightStage_Arrows.uasset" 334
"../../../MyProject/Content/StarterContent/Blueprints/Assets/M_LightStage_Skybox_Black.uasset" 335
"../../../Engine/Content/EditorMaterials/Thumbnails/SkySphereMaterial.uasset" 336
"../../../MyProject/Content/StarterContent/Blueprints/Assets/Skybox.uasset" 337
"../../../MyProject/Content/StarterContent/Blueprints/Assets/SM_Arrows.uasset" 338
"../../../MyProject/Content/StarterContent/HDRI/HDRI_Epic_Courtyard_Daylight.uasset" 339
"../../../MyProject/Content/StarterContent/Blueprints/BP_LightStudio.uasset" 340
"../../../MyProject/Content/StarterContent/Materials/M_AssetPlatform.uasset" 341
"../../../Engine/Content/EditorMeshes/ColorCalibrator/M_ChromeBall.uasset" 342
"../../../Engine/Content/EditorMeshes/ColorCalibrator/M_ClearCoat.uasset" 343
"../../../Engine/Content/EditorMeshes/ColorCalibrator/M_ClearCoatBlack.uasset" 344
"../../../Engine/Content/EditorMeshes/ColorCalibrator/M_ColorGrid.uasset" 345
"../../../Engine/Content/EditorMeshes/ColorCalibrator/M_GreyBall.uasset" 346
"../../../Engine/Content/EditorMeshes/ColorCalibrator/SM_ColorCalibrator.uasset" 347
"../../../MyProject/Content/StarterContent/Architecture/SM_AssetPlatform.uasset" 348
"../../../MyProject/Content/StarterContent/Maps/Advanced_Lighting.umap" 349
"../../../MyProject/Content/StarterContent/Materials/M_Metal_Brushed_Nickel.uasset" 350
"../../../MyProject/Content/StarterContent/Textures/T_Metal_Aluminum_D.uasset" 351
"../../../MyProject/Content/StarterContent/Textures/T_Metal_Gold_N.uasset" 352
"../../../MyProject/Content/StarterContent/Materials/M_Metal_Burnished_Steel.uasset" 353
"../../../MyProject/Content/StarterContent/Textures/T_Metal_Copper_D.uasset" 354
"../../../MyProject/Content/StarterContent/Materials/M_Metal_Copper.uasset" 355
"../../../MyProject/Content/StarterContent/Textures/T_Statue_M.uasset" 356
"../../../MyProject/Content/StarterContent/Textures/T_Statue_N.uasset" 357
"../../../MyProject/Content/StarterContent/Props/Materials/M_StatueGlass.uasset" 358
"../../../MyProject/Content/StarterContent/Architecture/Floor_400x400.uasset" 359
"../../../MyProject/Content/StarterContent/Audio/Starter_Background_Cue.uasset" 360
"../../../MyProject/Content/StarterContent/Props/SM_Chair.uasset" 361
"../../../MyProject/Content/StarterContent/Props/Materials/M_Statue.uasset" 362
"../../../MyProject/Content/StarterContent/Props/SM_Statue.uasset" 363
"../../../MyProject/Content/StarterContent/Textures/T_TableRound_M.uasset" 364
"../../../MyProject/Content/StarterContent/Textures/T_TableRound_N.uasset" 365
"../../../MyProject/Content/StarterContent/Props/Materials/M_TableRound.uasset" 366
"../../../MyProject/Content/StarterContent/Props/SM_TableRound.uasset" 367
"../../../MyProject/Content/StarterContent/Maps/Minimal_Default.umap" 368
"../../../MyProject/Content/StarterContent/Audio/Fire01_Cue.uasset" 369
"../../../MyProject/Content/StarterContent/Textures/T_Fire_SubUV.uasset" 370
"../../../MyProject/Content/StarterContent/Textures/T_Fire_Tiled_D.uasset" 371
"../../../MyProject/Content/StarterContent/Particles/Materials/M_Fire_SubUV.uasset" 372
"../../../MyProject/Content/StarterContent/Textures/T_Water_N.uasset" 373
"../../../MyProject/Content/StarterContent/Particles/Materials/M_Heat_Distortion.uasset" 374
"../../../MyProject/Content/StarterContent/Particles/Materials/M_Radial_Gradient.uasset" 375
"../../../MyProject/Content/StarterContent/Particles/P_Fire.uasset" 376
"../../../MyProject/Content/StarterContent/Blueprints/Blueprint_Effect_Fire.uasset" 377
"../../../MyProject/Content/StarterContent/Audio/Smoke01_Cue.uasset" 378
"../../../MyProject/Content/StarterContent/Particles/P_Smoke.uasset" 379
"../../../MyProject/Content/StarterContent/Blueprints/Blueprint_Effect_Smoke.uasset" 380
"../../../MyProject/Content/StarterContent/Audio/Fire_Sparks01_Cue.uasset" 381
"../../../MyProject/Content/StarterContent/Textures/T_Spark_Core.uasset" 382
"../../../MyProject/Content/StarterContent/Particles/Materials/M_Spark.uasset" 383
"../../../MyProject/Content/StarterContent/Particles/P_Sparks.uasset" 384
"../../../MyProject/Content/StarterContent/Blueprints/Blueprint_Effect_Sparks.uasset" 385
"../../../MyProject/Content/StarterContent/Audio/Steam01_Cue.uasset" 386
"../../../MyProject/Content/StarterContent/Particles/P_Steam_Lit.uasset" 387
"../../../MyProject/Content/StarterContent/Blueprints/Blueprint_Effect_Steam.uasset" 388
"../../../MyProject/Content/StarterContent/Textures/T_Lamp_M.uasset" 389
"../../../MyProject/Content/StarterContent/Textures/T_Lamp_N.uasset" 390
"../../../MyProject/Content/StarterContent/Props/Materials/M_Lamp.uasset" 391
"../../../MyProject/Content/StarterContent/Props/SM_Lamp_Ceiling.uasset" 392
"../../../MyProject/Content/StarterContent/Blueprints/Blueprint_CeilingLight.uasset" 393
"../../../MyProject/Content/StarterContent/Props/SM_Lamp_Wall.uasset" 394
"../../../MyProject/Content/StarterContent/Blueprints/Blueprint_WallSconce.uasset" 395
"../../../MyProject/Content/StarterContent/Textures/T_Brick_Clay_Beveled_D.uasset" 396
"../../../MyProject/Content/StarterContent/Textures/T_Brick_Clay_Beveled_M.uasset" 397
"../../../MyProject/Content/StarterContent/Textures/T_Brick_Clay_Beveled_N.uasset" 398
"../../../MyProject/Content/StarterContent/Materials/M_Brick_Clay_Beveled.uasset" 399
"../../../MyProject/Content/StarterContent/Textures/T_Brick_Clay_New_D.uasset" 400
"../../../MyProject/Content/StarterContent/Textures/T_Brick_Clay_New_M.uasset" 401
"../../../MyProject/Content/StarterContent/Textures/T_Brick_Clay_New_N.uasset" 402
"../../../MyProject/Content/StarterContent/Materials/M_Brick_Clay_New.uasset" 403
"../../../MyProject/Content/StarterContent/Textures/T_Brick_Clay_Old_D.uasset" 404
"../../../MyProject/Content/StarterContent/Textures/T_Brick_Clay_Old_N.uasset" 405
"../../../MyProject/Content/StarterContent/Textures/T_Perlin_Noise_M.uasset" 406
"../../../MyProject/Content/StarterContent/Materials/M_Brick_Clay_Old.uasset" 407
"../../../MyProject/Content/StarterContent/Textures/T_Brick_Cut_Stone_D.uasset" 408
"../../../MyProject/Content/StarterContent/Textures/T_Brick_Cut_Stone_N.uasset" 409
"../../../MyProject/Content/StarterContent/Materials/M_Brick_Cut_Stone.uasset" 410
"../../../MyProject/Content/StarterContent/Textures/T_Brick_Hewn_Stone_D.uasset" 411
"../../../MyProject/Content/StarterContent/Textures/T_Brick_Hewn_Stone_M.uasset" 412
"../../../MyProject/Content/StarterContent/Textures/T_Brick_Hewn_Stone_N.uasset" 413
"../../../MyProject/Content/StarterContent/Materials/M_Brick_Hewn_Stone.uasset" 414
"../../../MyProject/Content/StarterContent/Textures/T_Ceramic_Tile_M.uasset" 415
"../../../MyProject/Content/StarterContent/Textures/T_Ceramic_Tile_N.uasset" 416
"../../../MyProject/Content/StarterContent/Textures/T_Rock_Marble_Polished_D.uasset" 417
"../../../MyProject/Content/StarterContent/Materials/M_Ceramic_Tile_Checker.uasset" 418
"../../../MyProject/Content/StarterContent/Textures/T_CobbleStone_Pebble_D.uasset" 419
"../../../MyProject/Content/StarterContent/Textures/T_CobbleStone_Pebble_M.uasset" 420
"../../../MyProject/Content/StarterContent/Textures/T_CobbleStone_Pebble_N.uasset" 421
"../../../MyProject/Content/StarterContent/Materials/M_CobbleStone_Pebble.uasset" 422
"../../../MyProject/Content/StarterContent/Textures/T_CobbleStone_Rough_D.uasset" 423
"../../../MyProject/Content/StarterContent/Textures/T_CobbleStone_Rough_N.uasset" 424
"../../../MyProject/Content/StarterContent/Textures/T_Gradinet_01.uasset" 425
"../../../MyProject/Content/StarterContent/Textures/T_Rock_Smooth_Granite_D.uasset" 426
"../../../MyProject/Content/StarterContent/Materials/M_CobbleStone_Rough.uasset" 427
"../../../MyProject/Content/StarterContent/Textures/T_CobbleStone_Smooth_D.uasset" 428
"../../../MyProject/Content/StarterContent/Textures/T_CobbleStone_Smooth_M.uasset" 429
"../../../MyProject/Content/StarterContent/Textures/T_CobbleStone_Smooth_N.uasset" 430
"../../../MyProject/Content/StarterContent/Materials/M_CobbleStone_Smooth.uasset" 431
"../../../MyProject/Content/StarterContent/Textures/T_Concrete_Grime_D.uasset" 432
"../../../MyProject/Content/StarterContent/Textures/T_Metal_Rust_N.uasset" 433
"../../../MyProject/Content/StarterContent/Materials/M_Concrete_Grime.uasset" 434
"../../../MyProject/Content/StarterContent/Textures/T_Concrete_Panels_D.uasset" 435
"../../../MyProject/Content/StarterContent/Textures/T_Concrete_Panels_N.uasset" 436
"../../../MyProject/Content/StarterContent/Materials/M_Concrete_Panels.uasset" 437
"../../../MyProject/Content/StarterContent/Textures/T_Concrete_Poured_D.uasset" 438
"../../../MyProject/Content/StarterContent/Textures/T_Concrete_Poured_N.uasset" 439
"../../../MyProject/Content/StarterContent/Materials/M_Concrete_Poured.uasset" 440
"../../../MyProject/Content/StarterContent/Textures/T_Concrete_Tiles_D.uasset" 441
"../../../MyProject/Content/StarterContent/Textures/T_Concrete_Tiles_M.uasset" 442
"../../../MyProject/Content/StarterContent/Textures/T_Concrete_Tiles_N.uasset" 443
"../../../MyProject/Content/StarterContent/Textures/T_Concrete_Tiles_Variation_M.uasset" 444
"../../../MyProject/Content/StarterContent/Materials/M_Concrete_Tiles.uasset" 445
"../../../MyProject/Content/StarterContent/Textures/T_Ground_Grass_D.uasset" 446
"../../../MyProject/Content/StarterContent/Textures/T_Ground_Grass_N.uasset" 447
"../../../MyProject/Content/StarterContent/Materials/M_Ground_Grass.uasset" 448
"../../../MyProject/Content/StarterContent/Textures/T_Ground_Gravel_D.uasset" 449
"../../../MyProject/Content/StarterContent/Textures/T_Ground_Gravel_N.uasset" 450
"../../../MyProject/Content/StarterContent/Materials/M_Ground_Gravel.uasset" 451
"../../../MyProject/Content/StarterContent/Textures/T_ground_Moss_D.uasset" 452
"../../../MyProject/Content/StarterContent/Textures/T_Ground_Moss_N.uasset" 453
"../../../MyProject/Content/StarterContent/Materials/M_Ground_Moss.uasset" 454
"../../../MyProject/Content/StarterContent/Materials/M_Metal_Chrome.uasset" 455
"../../../MyProject/Content/StarterContent/Textures/T_Metal_Gold_D.uasset" 456
"../../../MyProject/Content/StarterContent/Materials/M_Metal_Gold.uasset" 457
"../../../MyProject/Content/StarterContent/Textures/T_Metal_Rust_D.uasset" 458
"../../../MyProject/Content/StarterContent/Materials/M_Metal_Rust.uasset" 459
"../../../MyProject/Content/StarterContent/Textures/T_Metal_Steel_D.uasset" 460
"../../../MyProject/Content/StarterContent/Textures/T_Metal_Steel_N.uasset" 461
"../../../MyProject/Content/StarterContent/Materials/M_Metal_Steel.uasset" 462
"../../../MyProject/Content/StarterContent/Textures/T_Rock_Basalt_N.uasset" 463
"../../../MyProject/Content/StarterContent/Materials/M_Rock_Basalt.uasset" 464
"../../../MyProject/Content/StarterContent/Materials/M_Rock_Marble_Polished.uasset" 465
"../../../MyProject/Content/StarterContent/Textures/T_Rock_Sandstone_D.uasset" 466
"../../../MyProject/Content/StarterContent/Textures/T_Rock_Sandstone_N.uasset" 467
"../../../MyProject/Content/StarterContent/Materials/M_Rock_Sandstone.uasset" 468
"../../../MyProject/Content/StarterContent/Textures/T_Rock_Slate_D.uasset" 469
"../../../MyProject/Content/StarterContent/Textures/T_Rock_Slate_N.uasset" 470
"../../../MyProject/Content/StarterContent/Materials/M_Rock_Slate.uasset" 471
"../../../MyProject/Content/StarterContent/Textures/T_Checker_Noise_M.uasset" 472
"../../../MyProject/Content/StarterContent/Textures/T_Single_Tile_N.uasset" 473
"../../../MyProject/Content/StarterContent/Textures/T_Tech_Dot_M.uasset" 474
"../../../MyProject/Content/StarterContent/Textures/T_Tech_Dot_N.uasset" 475
"../../../MyProject/Content/StarterContent/Materials/M_Tech_Checker_Dot.uasset" 476
"../../../MyProject/Content/StarterContent/Textures/T_Tech_Hex_Tile_M.uasset" 477
"../../../MyProject/Content/StarterContent/Textures/T_Tech_Hex_Tile_N.uasset" 478
"../../../MyProject/Content/StarterContent/Materials/M_Tech_Hex_Tile.uasset" 479
"../../../MyProject/Content/StarterContent/Materials/M_Tech_Hex_Tile_Pulse.uasset" 480
"../../../MyProject/Content/StarterContent/Textures/T_Tech_Panel_M.uasset" 481
"../../../MyProject/Content/StarterContent/Textures/T_Tech_Panel_N.uasset" 482
"../../../MyProject/Content/StarterContent/Materials/M_Tech_Panel.uasset" 483
"../../../MyProject/Content/StarterContent/Materials/M_Water_Lake.uasset" 484
"../../../MyProject/Content/StarterContent/Textures/T_Water_M.uasset" 485
"../../../MyProject/Content/StarterContent/Materials/M_Water_Ocean.uasset" 486
"../../../MyProject/Content/StarterContent/Textures/T_Wood_Floor_Walnut_D.uasset" 487
"../../../MyProject/Content/StarterContent/Textures/T_Wood_Floor_Walnut_M.uasset" 488
"../../../MyProject/Content/StarterContent/Textures/T_Wood_Floor_Walnut_N.uasset" 489
"../../../MyProject/Content/StarterContent/Materials/M_Wood_Floor_Walnut_Polished.uasset" 490
"../../../Engine/Content/Functions/Engine_MaterialFunctions01/Opacity/AlphaOffset.uasset" 491
"../../../MyProject/Content/StarterContent/Materials/M_Wood_Floor_Walnut_Worn.uasset" 492
"../../../MyProject/Content/StarterContent/Textures/T_Wood_Oak_D.uasset" 493
"../../../MyProject/Content/StarterContent/Textures/T_Wood_Oak_N.uasset" 494
"../../../MyProject/Content/StarterContent/Materials/M_Wood_Oak.uasset" 495
"../../../MyProject/Content/StarterContent/Textures/T_Wood_Pine_D.uasset" 496
"../../../MyProject/Content/StarterContent/Textures/T_Wood_Pine_N.uasset" 497
"../../../MyProject/Content/StarterContent/Materials/M_Wood_Pine.uasset" 498
"../../../MyProject/Content/StarterContent/Architecture/Wall_400x200.uasset" 499
"../../../MyProject/Content/StarterContent/Architecture/Wall_Door_400x300.uasset" 500
"../../../MyProject/Content/StarterContent/Architecture/Wall_Window_400x300.uasset" 501
"../../../MyProject/Content/StarterContent/Audio/Collapse_Cue.uasset" 502
"../../../MyProject/Content/StarterContent/Audio/Starter_Music_Cue.uasset" 503
"../../../MyProject/Content/StarterContent/Textures/T_Dust_Particle_D.uasset" 504
"../../../MyProject/Content/StarterContent/Particles/Materials/M_Dust_Particle.uasset" 505
"../../../MyProject/Content/StarterContent/Particles/P_Ambient_Dust.uasset" 506
"../../../MyProject/Content/StarterContent/Props/MaterialSphere.uasset" 507
"../../../MyProject/Content/StarterContent/Textures/T_Frame_M.uasset" 508
"../../../MyProject/Content/StarterContent/Textures/T_Frame_N.uasset" 509
"../../../MyProject/Content/StarterContent/Props/Materials/M_Frame.uasset" 510
"../../../MyProject/Content/StarterContent/Props/SM_CornerFrame.uasset" 511
"../../../MyProject/Content/StarterContent/Props/SM_DoorFrame.uasset" 512
"../../../MyProject/Content/StarterContent/Props/SM_GlassWindow.uasset" 513
"../../../MyProject/Content/StarterContent/Props/SM_PillarFrame.uasset" 514
"../../../MyProject/Content/StarterContent/Props/SM_PillarFrame300.uasset" 515
"../../../MyProject/Content/StarterContent/Props/SM_WindowFrame.uasset" 516
"../../../MyProject/Content/StarterContent/Shapes/Shape_Cube.uasset" 517
"../../../MyProject/Content/StarterContent/Shapes/Shape_QuadPyramid.uasset" 518
"../../../MyProject/Content/StarterContent/Shapes/Shape_Sphere.uasset" 519
"../../../MyProject/Content/StarterContent/Maps/StarterMap.umap" 520
"../../../Engine/Content/Maps/Entry.umap" 521
